lab1.0\convert2X.py:
    h1: 9
    h2: 17
    N1: 14
    N2: 26
    vocabulary: 26
    length: 40
    calculated_length: 98.0161933142366
    volume: 188.0175887256437
    difficulty: 6.882352941176471
    effort: 1294.003404758842
    time: 71.88907804215789
    bugs: 0.06267252957521456
lab1.0\findNumber.py:
    h1: 5
    h2: 12
    N1: 8
    N2: 16
    vocabulary: 17
    length: 24
    calculated_length: 54.62919048309069
    volume: 98.09910819000817
    difficulty: 3.3333333333333335
    effort: 326.99702730002724
    time: 18.16650151666818
    bugs: 0.03269970273000272
lab1.0\findWords.py:
    h1: 6
    h2: 13
    N1: 7
    N2: 13
    vocabulary: 19
    length: 20
    calculated_length: 63.61549134016113
    volume: 84.9585502688717
    difficulty: 3.0
    effort: 254.8756508066151
    time: 14.159758378145284
    bugs: 0.028319516756290568
lab2.1\profit.py:
    h1: 3
    h2: 8
    N1: 4
    N2: 8
    vocabulary: 11
    length: 12
    calculated_length: 28.75488750216347
    volume: 41.51317942364757
    difficulty: 1.5
    effort: 62.26976913547136
    time: 3.4594316186372978
    bugs: 0.01383772647454919
lab2.1\python_failing.py:
    h1: 12
    h2: 33
    N1: 25
    N2: 46
    vocabulary: 45
    length: 71
    calculated_length: 209.48455594748285
    volume: 389.9215698394069
    difficulty: 8.363636363636363
    effort: 3261.1622204750397
    time: 181.17567891527997
    bugs: 0.12997385661313562
lab3.2\file-cpm_test.py:
    h1: 1
    h2: 2
    N1: 1
    N2: 2
    vocabulary: 3
    length: 3
    calculated_length: 2.0
    volume: 4.754887502163469
    difficulty: 0.5
    effort: 2.3774437510817346
    time: 0.1320802083934297
    bugs: 0.0015849625007211565
lab3.2\math-ceil_test.py:
    h1: 3
    h2: 10
    N1: 8
    N2: 10
    vocabulary: 13
    length: 18
    calculated_length: 37.974168451037094
    volume: 66.60791492653966
    difficulty: 1.5
    effort: 99.9118723898095
    time: 5.550659577211639
    bugs: 0.022202638308846556
lab3.2\phonebook.py:
    h1: 4
    h2: 15
    N1: 8
    N2: 15
    vocabulary: 19
    length: 23
    calculated_length: 66.60335893412778
    volume: 97.70233280920246
    difficulty: 2.0
    effort: 195.40466561840492
    time: 10.85581475657805
    bugs: 0.03256744426973415
